TN:
SF:/Users/student/Documents/week10-solo/bank/src/account.js
FN:1,(anonymous_0)
FN:4,Account
FN:9,(anonymous_2)
FN:13,(anonymous_3)
FN:22,(anonymous_4)
FN:28,(anonymous_5)
FNF:6
FNH:6
FNDA:1,(anonymous_0)
FNDA:6,Account
FNDA:4,(anonymous_2)
FNDA:2,(anonymous_3)
FNDA:6,(anonymous_4)
FNDA:2,(anonymous_5)
DA:1,1
DA:5,6
DA:6,6
DA:9,1
DA:10,4
DA:13,1
DA:14,2
DA:15,1
DA:16,1
DA:17,1
DA:19,1
DA:22,1
DA:23,6
DA:24,6
DA:25,6
DA:28,1
DA:29,2
DA:32,1
LF:18
LH:18
BRDA:14,0,0,1
BRDA:14,0,1,1
BRF:2
BRH:2
end_of_record
TN:
SF:/Users/student/Documents/week10-solo/bank/src/balance.js
FN:1,(anonymous_0)
FN:3,Balance
FN:7,(anonymous_2)
FN:11,(anonymous_3)
FN:15,(anonymous_4)
FNF:5
FNH:5
FNDA:1,(anonymous_0)
FNDA:6,Balance
FNDA:7,(anonymous_2)
FNDA:3,(anonymous_3)
FNDA:2,(anonymous_4)
DA:1,1
DA:4,6
DA:7,1
DA:8,7
DA:11,1
DA:12,3
DA:15,1
DA:16,2
DA:19,1
LF:9
LH:9
BRF:0
BRH:0
end_of_record
TN:
SF:/Users/student/Documents/week10-solo/bank/src/today.js
FN:1,(anonymous_0)
FN:3,Today
FN:6,(anonymous_2)
FNF:3
FNH:3
FNDA:1,(anonymous_0)
FNDA:8,Today
FNDA:8,(anonymous_2)
DA:1,1
DA:6,1
DA:7,8
DA:8,8
DA:9,8
DA:12,1
LF:6
LH:6
BRF:0
BRH:0
end_of_record
TN:
SF:/Users/student/Documents/week10-solo/bank/src/transactions.js
FN:1,(anonymous_0)
FN:3,Transactions
FN:7,(anonymous_2)
FN:15,(anonymous_3)
FN:19,(anonymous_4)
FN:23,(anonymous_5)
FNF:6
FNH:6
FNDA:1,(anonymous_0)
FNDA:6,Transactions
FNDA:4,(anonymous_2)
FNDA:4,(anonymous_3)
FNDA:2,(anonymous_4)
FNDA:2,(anonymous_5)
DA:1,1
DA:4,6
DA:7,1
DA:8,4
DA:9,4
DA:10,4
DA:11,3
DA:15,1
DA:16,4
DA:19,1
DA:20,2
DA:23,1
DA:24,2
DA:27,1
LF:14
LH:14
BRF:0
BRH:0
end_of_record
