TN:
SF:/Users/student/Documents/week10-solo/bank/jasmine/src/account.js
FN:1,(anonymous_0)
FN:4,Account
FN:8,(anonymous_2)
FN:12,(anonymous_3)
FN:16,(anonymous_4)
FN:20,(anonymous_5)
FNF:6
FNH:5
FNDA:1,(anonymous_0)
FNDA:3,Account
FNDA:0,(anonymous_2)
FNDA:1,(anonymous_3)
FNDA:3,(anonymous_4)
FNDA:2,(anonymous_5)
DA:1,1
DA:5,3
DA:8,1
DA:9,0
DA:12,1
DA:13,1
DA:16,1
DA:17,3
DA:20,1
DA:21,2
DA:24,1
LF:11
LH:10
BRF:0
BRH:0
end_of_record
TN:
SF:/Users/student/Documents/week10-solo/bank/jasmine/src/balance.js
FN:1,(anonymous_0)
FN:3,Balance
FN:7,(anonymous_2)
FNF:3
FNH:3
FNDA:1,(anonymous_0)
FNDA:1,Balance
FNDA:1,(anonymous_2)
DA:1,1
DA:4,1
DA:7,1
DA:8,1
DA:11,1
LF:5
LH:5
BRF:0
BRH:0
end_of_record
TN:
SF:/Users/student/Documents/week10-solo/bank/jasmine/src/today.js
FN:1,(anonymous_0)
FN:3,Today
FN:6,(anonymous_2)
FNF:3
FNH:3
FNDA:1,(anonymous_0)
FNDA:5,Today
FNDA:5,(anonymous_2)
DA:1,1
DA:6,1
DA:7,5
DA:8,5
DA:9,5
DA:12,1
LF:6
LH:6
BRF:0
BRH:0
end_of_record
TN:
SF:/Users/student/Documents/week10-solo/bank/jasmine/src/transactions.js
FN:1,(anonymous_0)
FN:3,Transactions
FN:8,(anonymous_2)
FN:13,(anonymous_3)
FN:18,(anonymous_4)
FN:22,(anonymous_5)
FN:29,(anonymous_6)
FN:33,(anonymous_7)
FNF:8
FNH:8
FNDA:1,(anonymous_0)
FNDA:3,Transactions
FNDA:3,(anonymous_2)
FNDA:1,(anonymous_3)
FNDA:2,(anonymous_4)
FNDA:1,(anonymous_5)
FNDA:3,(anonymous_6)
FNDA:1,(anonymous_7)
DA:1,1
DA:4,3
DA:5,3
DA:8,1
DA:9,3
DA:10,3
DA:13,1
DA:14,1
DA:15,1
DA:18,1
DA:19,2
DA:22,1
DA:23,1
DA:24,1
DA:25,2
DA:29,1
DA:30,3
DA:33,1
DA:34,1
DA:37,1
LF:20
LH:20
BRF:0
BRH:0
end_of_record
